 * Serving Flask app 'get_thick_part_json'
 * Debug mode: on
INFO:werkzeug:[31m[1mWARNING: This is a development server. Do not use it in a production deployment. Use a production WSGI server instead.[0m
 * Running on all addresses (0.0.0.0)
 * Running on http://127.0.0.1:5001
 * Running on http://192.168.10.205:5001
INFO:werkzeug:[33mPress CTRL+C to quit[0m
INFO:werkzeug: * Restarting with stat
WARNING:werkzeug: * Debugger is active!
INFO:werkzeug: * Debugger PIN: 953-550-840
INFO:__main__:ЬсШЁЕНЕФJSONФкШн: [
  {
    "part_name": "ДяъЛ11K-14PL8x100X240=1Мў",
    "area_required": "0.192",
    "component": "ИжАх",
    "thickness": "8mm"
  },
  {
    "part_name": "ДяъЛ11K-60PL8x85X250=1Мў",
    "area_required": "0.213",
    "component": "ИжАх",
    "thickness": "8mm"
  },
  {
    "part_name": "ДяъЛ11K-61PL8x85X250=102Мў",
    "area_required": "21.675",
    "component": "ИжАх",
    "thickness": "8mm"
  },
  {
    "part_name": "ДяъЛ11K-62PL8x85X230=12Мў",
    "area_required": "2.346",
    "component": "ИжАх",
    "thickness": "8mm"
  },
  {
    "part_name": "ДяъЛ11K-64PL8x85X250=37Мў",
    "area_required": "7.863",
    "component": "ИжАх",
    "thickness": "8mm"
  },
  {
    "part_name": "ДяъЛ11K-70PL8x85X250=2Мў",
    "area_required": "0.425",
    "component": "ИжАх",
    "thickness": "8mm"
  },
  {
    "part_name": "ДяъЛ12K-9PL8x200X240=1Мў",
    "area_required": "0.480",
    "component": "ИжАх",
    "thickness": "8mm"
  },
  {
    "part_name": "ДяъЛ12K-10PL8x85X230=2Мў",
    "area_required": "0.391",
    "component": "ИжАх",
    "thickness": "8mm"
  },
  {
    "part_name": "ДяъЛ12K-34PL8x85X250=1Мў",
    "area_required": "0.213",
    "component": "ИжАх",
    "thickness": "8mm"
  },
  {
    "part_name": "ДяъЛ12K-35PL8x85X250=41Мў",
    "area_required": "8.713",
    "component": "ИжАх",
    "thickness": "8mm"
  },
  {
    "part_name": "ДяъЛ12K-36PL8x85X230=6Мў",
    "area_required": "1.173",
    "component": "ИжАх",
    "thickness": "8mm"
  },
  {
    "part_name": "ДяъЛ21K-9PL8x100X240=1Мў",
    "area_required": "0.240",
    "component": "ИжАх",
    "thickness": "8mm"
  },
  {
    "part_name": "ДяъЛ21K-25PL8x190X230=1Мў",
    "area_required": "0.437",
    "component": "ИжАх",
    "thickness": "8mm"
  },
  {
    "part_name": "ДяъЛ21K-57PL8x85X230=14Мў",
    "area_required": "2.737",
    "component": "ИжАх",
    "thickness": "8mm"
  },
  {
    "part_name": "ДяъЛ21K-58PL8x85X250=96Мў",
    "area_required": "20.400",
    "component": "ИжАх",
    "thickness": "8mm"
  },
  {
    "part_name": "ДяъЛ21K-61PL8x85X250=37Мў",
    "area_required": "7.863",
    "component": "ИжАх",
    "thickness": "8mm"
  },
  {
    "part_name": "ДяъЛ21K-67PL8x85X250=3Мў",
    "area_required": "0.638",
    "component": "ИжАх",
    "thickness": "8mm"
  },
  {
    "part_name": "ДяъЛ22K-27PL8x85X230=22Мў",
    "area_required": "4.301",
    "component": "ИжАх",
    "thickness": "8mm"
  },
  {
    "part_name": "ДяъЛ22K-35PL8x85X250=34Мў",
    "area_required": "7.225",
    "component": "ИжАх",
    "thickness": "8mm"
  },
  {
    "part_name": "ДяъЛ22K-36PL8x240X250=1Мў",
    "area_required": "0.600",
    "component": "ИжАх",
    "thickness": "8mm"
  },
  {
    "part_name": "ДяъЛ22K-38PL8x85X250=44Мў",
    "area_required": "9.350",
    "component": "ИжАх",
    "thickness": "8mm"
  },
  {
    "part_name": "ДяъЛ22K-39PL8x85X230=8Мў",
    "area_required": "1.564",
    "component": "ИжАх",
    "thickness": "8mm"
  },
  {
    "part_name": "ДяъЛ22K-46PL8x85X250=1Мў",
    "area_required": "0.213",
    "component": "ИжАх",
    "thickness": "8mm"
  },
  {
    "part_name": "ДяъЛ22K-47PL8x85X230=1Мў",
    "area_required": "0.196",
    "component": "ИжАх",
    "thickness": "8mm"
  },
  {
    "part_name": "ДяъЛ11K-5PL8x190X230=2Мў",
    "area_required": "0.874",
    "component": "ИжАх",
    "thickness": "8mm"
  },
  {
    "part_name": "ДяъЛ21K-59PL8x190X230=1Мў",
    "area_required": "0.437",
    "component": "ИжАх",
    "thickness": "8mm"
  },
  {
    "part_name": "ДяъЛ21K-66PL8x90X230=1Мў",
    "area_required": "0.207",
    "component": "ИжАх",
    "thickness": "8mm"
  },
  {
    "part_name": "ДяъЛ11K-63PL6x60X85=116Мў",
    "area_required": "0.592",
    "component": "ИжАх",
    "thickness": "6mm"
  },
  {
    "part_name": "ДяъЛ11K-65PL6x60X85=38Мў",
    "area_required": "0.194",
    "component": "ИжАх",
    "thickness": "6mm"
  },
  {
    "part_name": "ДяъЛ11K-66PL6x96X196=18Мў",
    "area_required": "3.387",
    "component": "ИжАх",
    "thickness": "6mm"
  },
  {
    "part_name": "ДяъЛ11K-67PL6x100X190=31Мў",
    "area_required": "5.890",
    "component": "ИжАх",
    "thickness": "6mm"
  },
  {
    "part_name": "ДяъЛ11K-68PL6x100X100=36Мў",
    "area_required": "3.600",
    "component": "ИжАх",
    "thickness": "6mm"
  },
  {
    "part_name": "ДяъЛ11K-69PL6x100X190=5Мў",
    "area_required": "0.950",
    "component": "ИжАх",
    "thickness": "6mm"
  },
  {
    "part_name": "ДяъЛ12K-12PL6x85X250=36Мў",
    "area_required": "7.650",
    "component": "ИжАх",
    "thickness": "6mm"
  },
  {
    "part_name": "ДяъЛ12K-13PL6x85X230=18Мў",
    "area_required": "3.519",
    "component": "ИжАх",
    "thickness": "6mm"
  },
  {
    "part_name": "ДяъЛ12K-28PL6x100X190=19Мў",
    "area_required": "3.610",
    "component": "ИжАх",
    "thickness": "6mm"
  },
  {
    "part_name": "ДяъЛ12K-29PL6x100X100=28Мў",
    "area_required": "2.800",
    "component": "ИжАх",
    "thickness": "6mm"
  },
  {
    "part_name": "ДяъЛ12K-30PL6x60X85=103Мў",
    "area_required": "0.526",
    "component": "ИжАх",
    "thickness": "6mm"
  },
  {
    "part_name": "ДяъЛ12K-38PL6x60X85=1Мў",
    "area_required": "0.005",
    "component": "ИжАх",
    "thickness": "6mm"
  },
  {
    "part_name": "ДяъЛ12K-39PL6x96X196=6Мў",
    "area_required": "1.129",
    "component": "ИжАх",
    "thickness": "6mm"
  },
  {
    "part_name": "ДяъЛ12K-41PL6x100X190=9Мў",
    "area_required": "1.710",
    "component": "ИжАх",
    "thickness": "6mm"
  },
  {
    "part_name": "ДяъЛ12R-1PL6x96X196=4Мў",
    "area_required": "0.753",
    "component": "ИжАх",
    "thickness": "6mm"
  },
  {
    "part_name": "ДяъЛ21K-60PL6x60X85=115Мў",
    "area_required": "0.587",
    "component": "ИжАх",
    "thickness": "6mm"
  },
  {
    "part_name": "ДяъЛ21K-62PL6x100X190=32Мў",
    "area_required": "6.080",
    "component": "ИжАх",
    "thickness": "6mm"
  },
  {
    "part_name": "ДяъЛ21K-63PL6x60X85=35Мў",
    "area_required": "0.179",
    "component": "ИжАх",
    "thickness": "6mm"
  },
  {
    "part_name": "ДяъЛ21K-64PL6x96X196=16Мў",
    "area_required": "3.011",
    "component": "ИжАх",
    "thickness": "6mm"
  },
  {
    "part_name": "ДяъЛ21K-65PL6x100X100=32Мў",
    "area_required": "3.200",
    "component": "ИжАх",
    "thickness": "6mm"
  },
  {
    "part_name": "ДяъЛ22K-37PL6x60X85=60Мў",
    "area_required": "0.306",
    "component": "ИжАх",
    "thickness": "6mm"
  },
  {
    "part_name": "ДяъЛ22K-40PL6x100X190=32Мў",
    "area_required": "6.080",
    "component": "ИжАх",
    "thickness": "6mm"
  },
  {
    "part_name": "ДяъЛ22K-42PL6x100X100=32Мў",
    "area_required": "3.200",
    "component": "ИжАх",
    "thickness": "6mm"
  },
  {
    "part_name": "ДяъЛ22K-43PL6x60X85=50Мў",
    "area_required": "0.255",
    "component": "ИжАх",
    "thickness": "6mm"
  },
  {
    "part_name": "ДяъЛ22K-44PL6x96X196=12Мў",
    "area_required": "2.258",
    "component": "ИжАх",
    "thickness": "6mm"
  },
  {
    "part_name": "ДяъЛ12P-381PL3x288X2158=2Мў",
    "area_required": "12.430",
    "component": "ИжАх",
    "thickness": "3mm"
  },
  {
    "part_name": "ДяъЛ22P-391PL3x288X2158=2Мў",
    "area_required": "12.430",
    "component": "ИжАх",
    "thickness": "3mm"
  },
  {
    "part_name": "ДяъЛ11L-6L100x8X100=18Мў",
    "area_required": "0.180",
    "component": "НЧИж",
    "thickness": "8mm"
  },
  {
    "part_name": "ДяъЛ11L-15L100x8X100=18Мў",
    "area_required": "0.180",
    "component": "НЧИж",
    "thickness": "8mm"
  },
  {
    "part_name": "ДяъЛ12L-4L100x8X100=10Мў",
    "area_required": "0.100",
    "component": "НЧИж",
    "thickness": "8mm"
  },
  {
    "part_name": "ДяъЛ12L-10L100x8X100=10Мў",
    "area_required": "0.100",
    "component": "НЧИж",
    "thickness": "8mm"
  },
  {
    "part_name": "ДяъЛ21L-10L100x8X100=12Мў",
    "area_required": "0.120",
    "component": "НЧИж",
    "thickness": "8mm"
  },
  {
    "part_name": "ДяъЛ21L-15L100x8X100=20Мў",
    "area_required": "0.200",
    "component": "НЧИж",
    "thickness": "8mm"
  },
  {
    "part_name": "ДяъЛ22L-10L100x8X100=24Мў",
    "area_required": "0.240",
    "component": "НЧИж",
    "thickness": "8mm"
  },
  {
    "part_name": "ДяъЛ11L-14L100x8X240=28Мў",
    "area_required": "6.720",
    "component": "НЧИж",
    "thickness": "8mm"
  },
  {
    "part_name": "ДяъЛ12L-31L100x8X240=8Мў",
    "area_required": "1.920",
    "component": "НЧИж",
    "thickness": "8mm"
  },
  {
    "part_name": "ДяъЛ21L-14L100x8X240=28Мў",
    "area_required": "6.720",
    "component": "НЧИж",
    "thickness": "8mm"
  }
]
INFO:__main__:JSONНтЮіГЩЙІ
INFO:__main__:НсЙћвбБЃДцжС: E:\code\my_python_server\ai_parsed_result.json
INFO:werkzeug:127.0.0.1 - - [13/Oct/2025 20:12:57] "GET /process_excel?filepath=F:\\ГТЦєКш\\ДяъЛ\\10.13\\ДяъЛ.xlsx&sheet_name=Sheet1 HTTP/1.1" 200 -
^C